[2019-07-04 09:58:46] /crontab/cj_index.php?act=date ( act=date&op=index ) 
ERR: Db Error: Duplicate entry '20' for key 'rec_id'
INSERT INTO `Al_stat_ordergoods` (rec_id,stat_updatetime,order_id,order_sn,order_add_time,payment_code,order_amount,shipping_fee,evaluation_state,order_state,refund_state,refund_amount,order_from,order_isvalid,reciver_province_id,store_id,store_name,grade_id,sc_id,buyer_id,buyer_name,goods_id,goods_name,goods_commonid,goods_commonname,gc_id,gc_parentid_1,gc_parentid_2,gc_parentid_3,brand_id,brand_name,goods_serial,goods_price,goods_num,goods_image,goods_pay_price,goods_type,promotions_id,commis_rate) VALUES ('16','1562169599','16','2000000000001601','1562124064','predeposit','1913.00','0.00','0','20','0','0.00','2','1','10','1','圣芝堂','0','0','2','hhj1','7','食源康.胃乐','7','食源康.胃乐','643','593','600','643','0','','','1913.00','1','1_06151676604677844.jpg','1913.00','1','0','0'),('17','1562169599','17','2000000000001701','1562124200','predeposit','191.30','0.00','0','20','0','0.00','2','1','10','1','圣芝堂','0','0','2','hhj1','10','食源康.心乐','10','食源康.心乐','643','593','600','643','0','','','191.30','1','1_06151671527283557.jpg','191.30','1','0','0'),('18','1562169599','18','2000000000001801','1562124311','predeposit','1913.00','0.00','0','20','0','0.00','2','1','10','1','圣芝堂','0','0','2','hhj1','6','食源康.心乐','6','食源康.心乐','643','593','600','643','0','','','1913.00','1','1_06151669489171425.jpg','1913.00','1','0','0'),('19','1562169599','19','2000000000001901','1562124396','predeposit','191.30','0.00','0','20','0','0.00','2','1','10','1','圣芝堂','0','0','2','hhj1','10','食源康.心乐','10','食源康.心乐','643','593','600','643','0','','','191.30','1','1_06151671527283557.jpg','191.30','1','0','0'),('20','1562169599','20','2000000000002001','1562124502','predeposit','191.30','0.00','0','20','0','0.00','2','1','10','1','圣芝堂','0','0','2','hhj1','11','食源康.胃乐','11','食源康.胃乐','643','593','600','643','0','','','191.30','1','1_06151676604677844.jpg','191.30','1','0','0')
[2019-07-04 11:01:06] /mobile/index.php?act=member_buy&op=buy_step2 ( act=member_buy&op=buy_step2 ) 
ERR: Db Error: Column 'goods_apoint_rate' cannot be null
INSERT INTO `Al_order_goods` (order_id,goods_id,store_id,goods_name,goods_price,goods_num,goods_image,goods_spec,invite_rates,buyer_id,goods_type,promotions_id,commis_rate,gc_id,goods_apoint_rate,goods_point_rate2,z_goods_type,sale_goods_common_id,goods_contractid,goods_pay_price) VALUES ('26','7','1','食源康.胃乐','1913.00','1','1_06151676604677844.jpg',NULL,'0.00','47','1','0','200','643',NULL,NULL,NULL,'0','','1913')
[2019-07-04 11:01:10] /mobile/index.php?act=member_buy&op=buy_step2 ( act=member_buy&op=buy_step2 ) 
ERR: Db Error: Column 'goods_apoint_rate' cannot be null
INSERT INTO `Al_order_goods` (order_id,goods_id,store_id,goods_name,goods_price,goods_num,goods_image,goods_spec,invite_rates,buyer_id,goods_type,promotions_id,commis_rate,gc_id,goods_apoint_rate,goods_point_rate2,z_goods_type,sale_goods_common_id,goods_contractid,goods_pay_price) VALUES ('27','7','1','食源康.胃乐','1913.00','1','1_06151676604677844.jpg',NULL,'0.00','47','1','0','200','643',NULL,NULL,NULL,'0','','1913')
[2019-07-04 11:01:15] /mobile/index.php?act=member_buy&op=buy_step2 ( act=member_buy&op=buy_step2 ) 
ERR: Db Error: Column 'goods_apoint_rate' cannot be null
INSERT INTO `Al_order_goods` (order_id,goods_id,store_id,goods_name,goods_price,goods_num,goods_image,goods_spec,invite_rates,buyer_id,goods_type,promotions_id,commis_rate,gc_id,goods_apoint_rate,goods_point_rate2,z_goods_type,sale_goods_common_id,goods_contractid,goods_pay_price) VALUES ('28','7','1','食源康.胃乐','1913.00','1','1_06151676604677844.jpg',NULL,'0.00','47','1','0','200','643',NULL,NULL,NULL,'0','','1913')
[2019-07-04 11:01:22] /mobile/index.php?act=member_buy&op=buy_step2 ( act=member_buy&op=buy_step2 ) 
ERR: Db Error: Column 'goods_apoint_rate' cannot be null
INSERT INTO `Al_order_goods` (order_id,goods_id,store_id,goods_name,goods_price,goods_num,goods_image,goods_spec,invite_rates,buyer_id,goods_type,promotions_id,commis_rate,gc_id,goods_apoint_rate,goods_point_rate2,z_goods_type,sale_goods_common_id,goods_contractid,goods_pay_price) VALUES ('29','7','1','食源康.胃乐','1913.00','1','1_06151676604677844.jpg',NULL,'0.00','47','1','0','200','643',NULL,NULL,NULL,'0','','1913')
[2019-07-04 11:01:29] /mobile/index.php?act=member_buy&op=buy_step2 ( act=member_buy&op=buy_step2 ) 
ERR: Db Error: Column 'goods_apoint_rate' cannot be null
INSERT INTO `Al_order_goods` (order_id,goods_id,store_id,goods_name,goods_price,goods_num,goods_image,goods_spec,invite_rates,buyer_id,goods_type,promotions_id,commis_rate,gc_id,goods_apoint_rate,goods_point_rate2,z_goods_type,sale_goods_common_id,goods_contractid,goods_pay_price) VALUES ('30','7','1','食源康.胃乐','1913.00','1','1_06151676604677844.jpg',NULL,'0.00','47','1','0','200','643',NULL,NULL,NULL,'0','','1913')
[2019-07-04 11:02:08] /mobile/index.php?act=member_buy&op=buy_step2 ( act=member_buy&op=buy_step2 ) 
ERR: Db Error: Column 'goods_apoint_rate' cannot be null
INSERT INTO `Al_order_goods` (order_id,goods_id,store_id,goods_name,goods_price,goods_num,goods_image,goods_spec,invite_rates,buyer_id,goods_type,promotions_id,commis_rate,gc_id,goods_apoint_rate,goods_point_rate2,z_goods_type,sale_goods_common_id,goods_contractid,goods_pay_price) VALUES ('31','7','1','食源康.胃乐','1913.00','1','1_06151676604677844.jpg',NULL,'0.00','47','1','0','200','643',NULL,NULL,NULL,'0','','1913')
[2019-07-04 11:22:46] /mobile/index.php?act=member_buy&op=buy_step2 ( act=member_buy&op=buy_step2 ) 
ERR: Db Error: Column 'goods_apoint_rate' cannot be null
INSERT INTO `Al_order_goods` (order_id,goods_id,store_id,goods_name,goods_price,goods_num,goods_image,goods_spec,invite_rates,buyer_id,goods_type,promotions_id,commis_rate,gc_id,goods_apoint_rate,goods_point_rate2,z_goods_type,sale_goods_common_id,goods_contractid,goods_pay_price) VALUES ('32','7','1','食源康.胃乐','1913.00','1','1_06151676604677844.jpg',NULL,'0.00','47','1','0','200','643',NULL,NULL,NULL,'0','','1913')
[2019-07-04 11:23:10] /mobile/index.php?act=member_buy&op=buy_step2 ( act=member_buy&op=buy_step2 ) 
ERR: Db Error: Column 'goods_apoint_rate' cannot be null
INSERT INTO `Al_order_goods` (order_id,goods_id,store_id,goods_name,goods_price,goods_num,goods_image,goods_spec,invite_rates,buyer_id,goods_type,promotions_id,commis_rate,gc_id,goods_apoint_rate,goods_point_rate2,z_goods_type,sale_goods_common_id,goods_contractid,goods_pay_price) VALUES ('33','7','1','食源康.胃乐','1913.00','1','1_06151676604677844.jpg',NULL,'0.00','47','1','0','200','643',NULL,NULL,NULL,'0','','1913')
[2019-07-04 23:19:08] /mobile/index.php?act=member_buy&op=buy_step2 ( act=member_buy&op=buy_step2 ) 
ERR: Db Error: Column 'goods_apoint_rate' cannot be null
INSERT INTO `Al_order_goods` (order_id,goods_id,store_id,goods_name,goods_price,goods_num,goods_image,goods_spec,invite_rates,buyer_id,goods_type,promotions_id,commis_rate,gc_id,goods_apoint_rate,goods_point_rate2,z_goods_type,sale_goods_common_id,goods_contractid,goods_pay_price) VALUES ('54','7','1','食源康.胃乐','1913.00','1','1_06151676604677844.jpg',NULL,'0.00','51','1','0','200','643',NULL,NULL,NULL,'0','','1913')
[2019-07-04 23:19:28] /mobile/index.php?act=member_buy&op=buy_step2 ( act=member_buy&op=buy_step2 ) 
ERR: Db Error: Column 'goods_apoint_rate' cannot be null
INSERT INTO `Al_order_goods` (order_id,goods_id,store_id,goods_name,goods_price,goods_num,goods_image,goods_spec,invite_rates,buyer_id,goods_type,promotions_id,commis_rate,gc_id,goods_apoint_rate,goods_point_rate2,z_goods_type,sale_goods_common_id,goods_contractid,goods_pay_price) VALUES ('55','7','1','食源康.胃乐','1913.00','1','1_06151676604677844.jpg',NULL,'0.00','51','1','0','200','643',NULL,NULL,NULL,'0','','1913')
[2019-07-04 23:19:32] /mobile/index.php?act=member_buy&op=buy_step2 ( act=member_buy&op=buy_step2 ) 
ERR: Db Error: Column 'goods_apoint_rate' cannot be null
INSERT INTO `Al_order_goods` (order_id,goods_id,store_id,goods_name,goods_price,goods_num,goods_image,goods_spec,invite_rates,buyer_id,goods_type,promotions_id,commis_rate,gc_id,goods_apoint_rate,goods_point_rate2,z_goods_type,sale_goods_common_id,goods_contractid,goods_pay_price) VALUES ('56','7','1','食源康.胃乐','1913.00','1','1_06151676604677844.jpg',NULL,'0.00','51','1','0','200','643',NULL,NULL,NULL,'0','','1913')
